2020-01-06 00:09:34,739 ERROR 8604 [-/127.0.0.1/-/1ms POST /v1/goodsOne/comment] nodejs.TypeError: Cannot read property 'length' of undefined
    at OperatingGoodsController.comment (F:\project\Shopping\server\app\controller\api\operatingGoods.js:247:24)
    at Object.callFn (F:\project\Shopping\server\node_modules\_egg-core@4.17.4@egg-core\lib\utils\index.js:44:21)
    at Object.classControllerMiddleware (F:\project\Shopping\server\node_modules\_egg-core@4.17.4@egg-core\lib\loader\mixin\controller.js:87:20)
    at Object.callFn (F:\project\Shopping\server\node_modules\_@eggjs_router@2.0.0@@eggjs\router\lib\utils.js:12:21)
    at wrappedController (F:\project\Shopping\server\node_modules\_@eggjs_router@2.0.0@@eggjs\router\lib\egg_router.js:322:18)
    at dispatch (F:\project\Shopping\server\node_modules\_koa-compose@3.2.1@koa-compose\index.js:44:32)
    at next (F:\project\Shopping\server\node_modules\_koa-compose@3.2.1@koa-compose\index.js:45:18)
    at F:\project\Shopping\server\node_modules\_@eggjs_router@2.0.0@@eggjs\router\lib\router.js:190:18
    at dispatch (F:\project\Shopping\server\node_modules\_koa-compose@3.2.1@koa-compose\index.js:44:32)
    at F:\project\Shopping\server\node_modules\_koa-compose@3.2.1@koa-compose\index.js:36:12
    at dispatch (F:\project\Shopping\server\node_modules\_@eggjs_router@2.0.0@@eggjs\router\lib\router.js:195:33)
    at dispatch (F:\project\Shopping\server\node_modules\_koa-compose@4.1.0@koa-compose\index.js:42:32)
    at F:\project\Shopping\server\app\middleware\isLogin.js:15:19
    at dispatch (F:\project\Shopping\server\node_modules\_koa-compose@4.1.0@koa-compose\index.js:42:32)
    at F:\project\Shopping\server\node_modules\_egg-development@2.4.3@egg-development\app\middleware\egg_loader_trace.js:9:56
    at dispatch (F:\project\Shopping\server\node_modules\_koa-compose@4.1.0@koa-compose\index.js:42:32)

pid: 8604
hostname: Trayvon

2020-01-06 00:09:35,304 ERROR 8604 [-/127.0.0.1/-/1ms POST /v1/goodsOne/comment] nodejs.TypeError: Cannot read property 'length' of undefined
    at OperatingGoodsController.comment (F:\project\Shopping\server\app\controller\api\operatingGoods.js:247:24)
    at Object.callFn (F:\project\Shopping\server\node_modules\_egg-core@4.17.4@egg-core\lib\utils\index.js:44:21)
    at Object.classControllerMiddleware (F:\project\Shopping\server\node_modules\_egg-core@4.17.4@egg-core\lib\loader\mixin\controller.js:87:20)
    at Object.callFn (F:\project\Shopping\server\node_modules\_@eggjs_router@2.0.0@@eggjs\router\lib\utils.js:12:21)
    at wrappedController (F:\project\Shopping\server\node_modules\_@eggjs_router@2.0.0@@eggjs\router\lib\egg_router.js:322:18)
    at dispatch (F:\project\Shopping\server\node_modules\_koa-compose@3.2.1@koa-compose\index.js:44:32)
    at next (F:\project\Shopping\server\node_modules\_koa-compose@3.2.1@koa-compose\index.js:45:18)
    at F:\project\Shopping\server\node_modules\_@eggjs_router@2.0.0@@eggjs\router\lib\router.js:190:18
    at dispatch (F:\project\Shopping\server\node_modules\_koa-compose@3.2.1@koa-compose\index.js:44:32)
    at F:\project\Shopping\server\node_modules\_koa-compose@3.2.1@koa-compose\index.js:36:12
    at dispatch (F:\project\Shopping\server\node_modules\_@eggjs_router@2.0.0@@eggjs\router\lib\router.js:195:33)
    at dispatch (F:\project\Shopping\server\node_modules\_koa-compose@4.1.0@koa-compose\index.js:42:32)
    at F:\project\Shopping\server\app\middleware\isLogin.js:15:19
    at dispatch (F:\project\Shopping\server\node_modules\_koa-compose@4.1.0@koa-compose\index.js:42:32)
    at F:\project\Shopping\server\node_modules\_egg-development@2.4.3@egg-development\app\middleware\egg_loader_trace.js:9:56
    at dispatch (F:\project\Shopping\server\node_modules\_koa-compose@4.1.0@koa-compose\index.js:42:32)

pid: 8604
hostname: Trayvon

2020-01-06 00:09:35,891 ERROR 8604 [-/127.0.0.1/-/0ms POST /v1/goodsOne/comment] nodejs.TypeError: Cannot read property 'length' of undefined
    at OperatingGoodsController.comment (F:\project\Shopping\server\app\controller\api\operatingGoods.js:247:24)
    at Object.callFn (F:\project\Shopping\server\node_modules\_egg-core@4.17.4@egg-core\lib\utils\index.js:44:21)
    at Object.classControllerMiddleware (F:\project\Shopping\server\node_modules\_egg-core@4.17.4@egg-core\lib\loader\mixin\controller.js:87:20)
    at Object.callFn (F:\project\Shopping\server\node_modules\_@eggjs_router@2.0.0@@eggjs\router\lib\utils.js:12:21)
    at wrappedController (F:\project\Shopping\server\node_modules\_@eggjs_router@2.0.0@@eggjs\router\lib\egg_router.js:322:18)
    at dispatch (F:\project\Shopping\server\node_modules\_koa-compose@3.2.1@koa-compose\index.js:44:32)
    at next (F:\project\Shopping\server\node_modules\_koa-compose@3.2.1@koa-compose\index.js:45:18)
    at F:\project\Shopping\server\node_modules\_@eggjs_router@2.0.0@@eggjs\router\lib\router.js:190:18
    at dispatch (F:\project\Shopping\server\node_modules\_koa-compose@3.2.1@koa-compose\index.js:44:32)
    at F:\project\Shopping\server\node_modules\_koa-compose@3.2.1@koa-compose\index.js:36:12
    at dispatch (F:\project\Shopping\server\node_modules\_@eggjs_router@2.0.0@@eggjs\router\lib\router.js:195:33)
    at dispatch (F:\project\Shopping\server\node_modules\_koa-compose@4.1.0@koa-compose\index.js:42:32)
    at F:\project\Shopping\server\app\middleware\isLogin.js:15:19
    at dispatch (F:\project\Shopping\server\node_modules\_koa-compose@4.1.0@koa-compose\index.js:42:32)
    at F:\project\Shopping\server\node_modules\_egg-development@2.4.3@egg-development\app\middleware\egg_loader_trace.js:9:56
    at dispatch (F:\project\Shopping\server\node_modules\_koa-compose@4.1.0@koa-compose\index.js:42:32)

pid: 8604
hostname: Trayvon

2020-01-06 00:09:36,043 ERROR 8604 [-/127.0.0.1/-/0ms POST /v1/goodsOne/comment] nodejs.TypeError: Cannot read property 'length' of undefined
    at OperatingGoodsController.comment (F:\project\Shopping\server\app\controller\api\operatingGoods.js:247:24)
    at Object.callFn (F:\project\Shopping\server\node_modules\_egg-core@4.17.4@egg-core\lib\utils\index.js:44:21)
    at Object.classControllerMiddleware (F:\project\Shopping\server\node_modules\_egg-core@4.17.4@egg-core\lib\loader\mixin\controller.js:87:20)
    at Object.callFn (F:\project\Shopping\server\node_modules\_@eggjs_router@2.0.0@@eggjs\router\lib\utils.js:12:21)
    at wrappedController (F:\project\Shopping\server\node_modules\_@eggjs_router@2.0.0@@eggjs\router\lib\egg_router.js:322:18)
    at dispatch (F:\project\Shopping\server\node_modules\_koa-compose@3.2.1@koa-compose\index.js:44:32)
    at next (F:\project\Shopping\server\node_modules\_koa-compose@3.2.1@koa-compose\index.js:45:18)
    at F:\project\Shopping\server\node_modules\_@eggjs_router@2.0.0@@eggjs\router\lib\router.js:190:18
    at dispatch (F:\project\Shopping\server\node_modules\_koa-compose@3.2.1@koa-compose\index.js:44:32)
    at F:\project\Shopping\server\node_modules\_koa-compose@3.2.1@koa-compose\index.js:36:12
    at dispatch (F:\project\Shopping\server\node_modules\_@eggjs_router@2.0.0@@eggjs\router\lib\router.js:195:33)
    at dispatch (F:\project\Shopping\server\node_modules\_koa-compose@4.1.0@koa-compose\index.js:42:32)
    at F:\project\Shopping\server\app\middleware\isLogin.js:15:19
    at dispatch (F:\project\Shopping\server\node_modules\_koa-compose@4.1.0@koa-compose\index.js:42:32)
    at F:\project\Shopping\server\node_modules\_egg-development@2.4.3@egg-development\app\middleware\egg_loader_trace.js:9:56
    at dispatch (F:\project\Shopping\server\node_modules\_koa-compose@4.1.0@koa-compose\index.js:42:32)

pid: 8604
hostname: Trayvon

2020-01-06 00:09:36,141 ERROR 8604 [-/127.0.0.1/-/1ms POST /v1/goodsOne/comment] nodejs.TypeError: Cannot read property 'length' of undefined
    at OperatingGoodsController.comment (F:\project\Shopping\server\app\controller\api\operatingGoods.js:247:24)
    at Object.callFn (F:\project\Shopping\server\node_modules\_egg-core@4.17.4@egg-core\lib\utils\index.js:44:21)
    at Object.classControllerMiddleware (F:\project\Shopping\server\node_modules\_egg-core@4.17.4@egg-core\lib\loader\mixin\controller.js:87:20)
    at Object.callFn (F:\project\Shopping\server\node_modules\_@eggjs_router@2.0.0@@eggjs\router\lib\utils.js:12:21)
    at wrappedController (F:\project\Shopping\server\node_modules\_@eggjs_router@2.0.0@@eggjs\router\lib\egg_router.js:322:18)
    at dispatch (F:\project\Shopping\server\node_modules\_koa-compose@3.2.1@koa-compose\index.js:44:32)
    at next (F:\project\Shopping\server\node_modules\_koa-compose@3.2.1@koa-compose\index.js:45:18)
    at F:\project\Shopping\server\node_modules\_@eggjs_router@2.0.0@@eggjs\router\lib\router.js:190:18
    at dispatch (F:\project\Shopping\server\node_modules\_koa-compose@3.2.1@koa-compose\index.js:44:32)
    at F:\project\Shopping\server\node_modules\_koa-compose@3.2.1@koa-compose\index.js:36:12
    at dispatch (F:\project\Shopping\server\node_modules\_@eggjs_router@2.0.0@@eggjs\router\lib\router.js:195:33)
    at dispatch (F:\project\Shopping\server\node_modules\_koa-compose@4.1.0@koa-compose\index.js:42:32)
    at F:\project\Shopping\server\app\middleware\isLogin.js:15:19
    at dispatch (F:\project\Shopping\server\node_modules\_koa-compose@4.1.0@koa-compose\index.js:42:32)
    at F:\project\Shopping\server\node_modules\_egg-development@2.4.3@egg-development\app\middleware\egg_loader_trace.js:9:56
    at dispatch (F:\project\Shopping\server\node_modules\_koa-compose@4.1.0@koa-compose\index.js:42:32)

pid: 8604
hostname: Trayvon

2020-01-06 00:09:36,220 ERROR 8604 [-/127.0.0.1/-/4ms POST /v1/goodsOne/comment] nodejs.TypeError: Cannot read property 'length' of undefined
    at OperatingGoodsController.comment (F:\project\Shopping\server\app\controller\api\operatingGoods.js:247:24)
    at Object.callFn (F:\project\Shopping\server\node_modules\_egg-core@4.17.4@egg-core\lib\utils\index.js:44:21)
    at Object.classControllerMiddleware (F:\project\Shopping\server\node_modules\_egg-core@4.17.4@egg-core\lib\loader\mixin\controller.js:87:20)
    at Object.callFn (F:\project\Shopping\server\node_modules\_@eggjs_router@2.0.0@@eggjs\router\lib\utils.js:12:21)
    at wrappedController (F:\project\Shopping\server\node_modules\_@eggjs_router@2.0.0@@eggjs\router\lib\egg_router.js:322:18)
    at dispatch (F:\project\Shopping\server\node_modules\_koa-compose@3.2.1@koa-compose\index.js:44:32)
    at next (F:\project\Shopping\server\node_modules\_koa-compose@3.2.1@koa-compose\index.js:45:18)
    at F:\project\Shopping\server\node_modules\_@eggjs_router@2.0.0@@eggjs\router\lib\router.js:190:18
    at dispatch (F:\project\Shopping\server\node_modules\_koa-compose@3.2.1@koa-compose\index.js:44:32)
    at F:\project\Shopping\server\node_modules\_koa-compose@3.2.1@koa-compose\index.js:36:12
    at dispatch (F:\project\Shopping\server\node_modules\_@eggjs_router@2.0.0@@eggjs\router\lib\router.js:195:33)
    at dispatch (F:\project\Shopping\server\node_modules\_koa-compose@4.1.0@koa-compose\index.js:42:32)
    at F:\project\Shopping\server\app\middleware\isLogin.js:15:19
    at dispatch (F:\project\Shopping\server\node_modules\_koa-compose@4.1.0@koa-compose\index.js:42:32)
    at F:\project\Shopping\server\node_modules\_egg-development@2.4.3@egg-development\app\middleware\egg_loader_trace.js:9:56
    at dispatch (F:\project\Shopping\server\node_modules\_koa-compose@4.1.0@koa-compose\index.js:42:32)

pid: 8604
hostname: Trayvon

2020-01-06 00:09:36,381 ERROR 8604 [-/127.0.0.1/-/1ms POST /v1/goodsOne/comment] nodejs.TypeError: Cannot read property 'length' of undefined
    at OperatingGoodsController.comment (F:\project\Shopping\server\app\controller\api\operatingGoods.js:247:24)
    at Object.callFn (F:\project\Shopping\server\node_modules\_egg-core@4.17.4@egg-core\lib\utils\index.js:44:21)
    at Object.classControllerMiddleware (F:\project\Shopping\server\node_modules\_egg-core@4.17.4@egg-core\lib\loader\mixin\controller.js:87:20)
    at Object.callFn (F:\project\Shopping\server\node_modules\_@eggjs_router@2.0.0@@eggjs\router\lib\utils.js:12:21)
    at wrappedController (F:\project\Shopping\server\node_modules\_@eggjs_router@2.0.0@@eggjs\router\lib\egg_router.js:322:18)
    at dispatch (F:\project\Shopping\server\node_modules\_koa-compose@3.2.1@koa-compose\index.js:44:32)
    at next (F:\project\Shopping\server\node_modules\_koa-compose@3.2.1@koa-compose\index.js:45:18)
    at F:\project\Shopping\server\node_modules\_@eggjs_router@2.0.0@@eggjs\router\lib\router.js:190:18
    at dispatch (F:\project\Shopping\server\node_modules\_koa-compose@3.2.1@koa-compose\index.js:44:32)
    at F:\project\Shopping\server\node_modules\_koa-compose@3.2.1@koa-compose\index.js:36:12
    at dispatch (F:\project\Shopping\server\node_modules\_@eggjs_router@2.0.0@@eggjs\router\lib\router.js:195:33)
    at dispatch (F:\project\Shopping\server\node_modules\_koa-compose@4.1.0@koa-compose\index.js:42:32)
    at F:\project\Shopping\server\app\middleware\isLogin.js:15:19
    at dispatch (F:\project\Shopping\server\node_modules\_koa-compose@4.1.0@koa-compose\index.js:42:32)
    at F:\project\Shopping\server\node_modules\_egg-development@2.4.3@egg-development\app\middleware\egg_loader_trace.js:9:56
    at dispatch (F:\project\Shopping\server\node_modules\_koa-compose@4.1.0@koa-compose\index.js:42:32)

pid: 8604
hostname: Trayvon

2020-01-06 00:09:36,544 ERROR 8604 [-/127.0.0.1/-/3ms POST /v1/goodsOne/comment] nodejs.TypeError: Cannot read property 'length' of undefined
    at OperatingGoodsController.comment (F:\project\Shopping\server\app\controller\api\operatingGoods.js:247:24)
    at Object.callFn (F:\project\Shopping\server\node_modules\_egg-core@4.17.4@egg-core\lib\utils\index.js:44:21)
    at Object.classControllerMiddleware (F:\project\Shopping\server\node_modules\_egg-core@4.17.4@egg-core\lib\loader\mixin\controller.js:87:20)
    at Object.callFn (F:\project\Shopping\server\node_modules\_@eggjs_router@2.0.0@@eggjs\router\lib\utils.js:12:21)
    at wrappedController (F:\project\Shopping\server\node_modules\_@eggjs_router@2.0.0@@eggjs\router\lib\egg_router.js:322:18)
    at dispatch (F:\project\Shopping\server\node_modules\_koa-compose@3.2.1@koa-compose\index.js:44:32)
    at next (F:\project\Shopping\server\node_modules\_koa-compose@3.2.1@koa-compose\index.js:45:18)
    at F:\project\Shopping\server\node_modules\_@eggjs_router@2.0.0@@eggjs\router\lib\router.js:190:18
    at dispatch (F:\project\Shopping\server\node_modules\_koa-compose@3.2.1@koa-compose\index.js:44:32)
    at F:\project\Shopping\server\node_modules\_koa-compose@3.2.1@koa-compose\index.js:36:12
    at dispatch (F:\project\Shopping\server\node_modules\_@eggjs_router@2.0.0@@eggjs\router\lib\router.js:195:33)
    at dispatch (F:\project\Shopping\server\node_modules\_koa-compose@4.1.0@koa-compose\index.js:42:32)
    at F:\project\Shopping\server\app\middleware\isLogin.js:15:19
    at dispatch (F:\project\Shopping\server\node_modules\_koa-compose@4.1.0@koa-compose\index.js:42:32)
    at F:\project\Shopping\server\node_modules\_egg-development@2.4.3@egg-development\app\middleware\egg_loader_trace.js:9:56
    at dispatch (F:\project\Shopping\server\node_modules\_koa-compose@4.1.0@koa-compose\index.js:42:32)

pid: 8604
hostname: Trayvon

2020-01-06 00:09:36,710 ERROR 8604 [-/127.0.0.1/-/0ms POST /v1/goodsOne/comment] nodejs.TypeError: Cannot read property 'length' of undefined
    at OperatingGoodsController.comment (F:\project\Shopping\server\app\controller\api\operatingGoods.js:247:24)
    at Object.callFn (F:\project\Shopping\server\node_modules\_egg-core@4.17.4@egg-core\lib\utils\index.js:44:21)
    at Object.classControllerMiddleware (F:\project\Shopping\server\node_modules\_egg-core@4.17.4@egg-core\lib\loader\mixin\controller.js:87:20)
    at Object.callFn (F:\project\Shopping\server\node_modules\_@eggjs_router@2.0.0@@eggjs\router\lib\utils.js:12:21)
    at wrappedController (F:\project\Shopping\server\node_modules\_@eggjs_router@2.0.0@@eggjs\router\lib\egg_router.js:322:18)
    at dispatch (F:\project\Shopping\server\node_modules\_koa-compose@3.2.1@koa-compose\index.js:44:32)
    at next (F:\project\Shopping\server\node_modules\_koa-compose@3.2.1@koa-compose\index.js:45:18)
    at F:\project\Shopping\server\node_modules\_@eggjs_router@2.0.0@@eggjs\router\lib\router.js:190:18
    at dispatch (F:\project\Shopping\server\node_modules\_koa-compose@3.2.1@koa-compose\index.js:44:32)
    at F:\project\Shopping\server\node_modules\_koa-compose@3.2.1@koa-compose\index.js:36:12
    at dispatch (F:\project\Shopping\server\node_modules\_@eggjs_router@2.0.0@@eggjs\router\lib\router.js:195:33)
    at dispatch (F:\project\Shopping\server\node_modules\_koa-compose@4.1.0@koa-compose\index.js:42:32)
    at F:\project\Shopping\server\app\middleware\isLogin.js:15:19
    at dispatch (F:\project\Shopping\server\node_modules\_koa-compose@4.1.0@koa-compose\index.js:42:32)
    at F:\project\Shopping\server\node_modules\_egg-development@2.4.3@egg-development\app\middleware\egg_loader_trace.js:9:56
    at dispatch (F:\project\Shopping\server\node_modules\_koa-compose@4.1.0@koa-compose\index.js:42:32)

pid: 8604
hostname: Trayvon

2020-01-06 00:27:03,150 ERROR 6036 nodejs.unhandledExceptionError: read ECONNRESET
    at TCP.onStreamRead (internal/stream_base_commons.js:201:27)
errno: -4077
code: "ECONNRESET"
syscall: "read"
name: "unhandledExceptionError"
pid: 6036
hostname: Trayvon

