2019-12-31 00:00:01,014 INFO 3612 [egg-logrotator] app logger reload: got log-reload message
2019-12-31 08:15:36,686 INFO 9756 [egg:logger] init all loggers with options: {"dir":"E:\\project\\shop\\server\\logs\\server","encoding":"utf8","env":"local","level":"INFO","consoleLevel":"INFO","disableConsoleAfterReady":false,"outputJSON":false,"buffer":true,"appLogName":"server-web.log","coreLogName":"egg-web.log","agentLogName":"egg-agent.log","errorLogName":"common-error.log","coreLogger":{"consoleLevel":"WARN"},"allowDebugAtProd":false,"type":"application"}
2019-12-31 08:15:36,791 INFO 9756 [egg-multipart] stream mode enable
2019-12-31 08:15:39,593 INFO 9756 [egg-mongoose] connecting mongodb://127.0.0.1/shoppingMall
2019-12-31 08:15:43,985 INFO 9756 [egg-static] starting static serve /public/ -> E:\project\shop\server\app\public
2019-12-31 08:15:44,014 INFO 9756 [egg-security] use methodnoallow middleware
2019-12-31 08:15:44,020 INFO 9756 [egg-security] use noopen middleware
2019-12-31 08:15:44,037 INFO 9756 [egg-security] use nosniff middleware
2019-12-31 08:15:44,041 INFO 9756 [egg-security] use xssProtection middleware
2019-12-31 08:15:44,046 INFO 9756 [egg-security] use xframe middleware
2019-12-31 08:15:44,049 INFO 9756 [egg-security] use dta middleware
2019-12-31 08:15:44,049 INFO 9756 [egg-security] compose 6 middlewares into one security middleware
2019-12-31 08:15:44,385 INFO 9756 [egg:core] dump config after load, 15ms
2019-12-31 08:15:44,392 INFO 9756 [egg-mongoose] starting...
2019-12-31 08:15:44,654 INFO 9756 [egg-mongoose] mongodb://127.0.0.1/shoppingMall connected successfully
2019-12-31 08:15:44,673 INFO 9756 [egg-mongoose] instance[0] start successfully
2019-12-31 08:15:44,677 INFO 9756 [egg-watcher:application] watcher start success
2019-12-31 08:15:44,703 INFO 9756 [egg:core] dump config after ready, 22ms
2019-12-31 18:53:40,731 INFO 18536 [egg:logger] init all loggers with options: {"dir":"F:\\project\\Shopping\\server\\logs\\server","encoding":"utf8","env":"local","level":"INFO","consoleLevel":"INFO","disableConsoleAfterReady":false,"outputJSON":false,"buffer":true,"appLogName":"server-web.log","coreLogName":"egg-web.log","agentLogName":"egg-agent.log","errorLogName":"common-error.log","coreLogger":{"consoleLevel":"WARN"},"allowDebugAtProd":false,"type":"application"}
2019-12-31 18:53:40,756 INFO 18536 [egg-multipart] stream mode enable
2019-12-31 18:53:44,591 INFO 18536 [egg-mongoose] connecting mongodb://127.0.0.1/shoppingMall
2019-12-31 18:53:50,689 INFO 18536 [egg-static] starting static serve /public/ -> F:\project\Shopping\server\app\public
2019-12-31 18:53:50,702 INFO 18536 [egg-security] use methodnoallow middleware
2019-12-31 18:53:50,703 INFO 18536 [egg-security] use noopen middleware
2019-12-31 18:53:50,704 INFO 18536 [egg-security] use nosniff middleware
2019-12-31 18:53:50,705 INFO 18536 [egg-security] use xssProtection middleware
2019-12-31 18:53:50,706 INFO 18536 [egg-security] use xframe middleware
2019-12-31 18:53:50,706 INFO 18536 [egg-security] use dta middleware
2019-12-31 18:53:50,706 INFO 18536 [egg-security] compose 6 middlewares into one security middleware
2019-12-31 18:53:51,001 INFO 18536 [egg:core] dump config after load, 5ms
2019-12-31 18:53:51,005 INFO 18536 [egg-mongoose] starting...
2019-12-31 18:53:40,955 INFO 9844 [egg:logger] init all loggers with options: {"dir":"F:\\project\\Shopping\\server\\logs\\server","encoding":"utf8","env":"local","level":"INFO","consoleLevel":"INFO","disableConsoleAfterReady":false,"outputJSON":false,"buffer":true,"appLogName":"server-web.log","coreLogName":"egg-web.log","agentLogName":"egg-agent.log","errorLogName":"common-error.log","coreLogger":{"consoleLevel":"WARN"},"allowDebugAtProd":false,"type":"application"}
2019-12-31 18:53:40,977 INFO 9844 [egg-multipart] stream mode enable
2019-12-31 18:53:44,591 INFO 9844 [egg-mongoose] connecting mongodb://127.0.0.1/shoppingMall
2019-12-31 18:53:50,689 INFO 9844 [egg-static] starting static serve /public/ -> F:\project\Shopping\server\app\public
2019-12-31 18:53:50,701 INFO 9844 [egg-security] use methodnoallow middleware
2019-12-31 18:53:50,703 INFO 9844 [egg-security] use noopen middleware
2019-12-31 18:53:50,704 INFO 9844 [egg-security] use nosniff middleware
2019-12-31 18:53:50,705 INFO 9844 [egg-security] use xssProtection middleware
2019-12-31 18:53:50,706 INFO 9844 [egg-security] use xframe middleware
2019-12-31 18:53:50,706 INFO 9844 [egg-security] use dta middleware
2019-12-31 18:53:50,706 INFO 9844 [egg-security] compose 6 middlewares into one security middleware
2019-12-31 18:53:51,000 INFO 9844 [egg:core] dump config after load, 4ms
2019-12-31 18:53:51,005 INFO 9844 [egg-mongoose] starting...
2019-12-31 18:53:51,080 INFO 9844 [egg-mongoose] mongodb://127.0.0.1/shoppingMall connected successfully
2019-12-31 18:53:51,089 INFO 9844 [egg-mongoose] instance[0] start successfully
2019-12-31 18:53:51,093 INFO 9844 [egg-watcher:application] watcher start success
2019-12-31 18:53:51,100 INFO 9844 [egg:core] dump config after ready, 6ms
2019-12-31 18:53:51,881 INFO 7108 [egg:logger] init all loggers with options: {"dir":"F:\\project\\Shopping\\server\\logs\\server","encoding":"utf8","env":"local","level":"INFO","consoleLevel":"INFO","disableConsoleAfterReady":false,"outputJSON":false,"buffer":true,"appLogName":"server-web.log","coreLogName":"egg-web.log","agentLogName":"egg-agent.log","errorLogName":"common-error.log","coreLogger":{"consoleLevel":"WARN"},"allowDebugAtProd":false,"type":"application"}
2019-12-31 18:53:51,903 INFO 7108 [egg-multipart] stream mode enable
2019-12-31 18:53:52,128 INFO 7108 [egg-mongoose] connecting mongodb://127.0.0.1/shoppingMall
2019-12-31 18:53:52,329 INFO 7108 [egg-static] starting static serve /public/ -> F:\project\Shopping\server\app\public
2019-12-31 18:53:52,331 INFO 7108 [egg-security] use methodnoallow middleware
2019-12-31 18:53:52,332 INFO 7108 [egg-security] use noopen middleware
2019-12-31 18:53:52,333 INFO 7108 [egg-security] use nosniff middleware
2019-12-31 18:53:52,333 INFO 7108 [egg-security] use xssProtection middleware
2019-12-31 18:53:52,334 INFO 7108 [egg-security] use xframe middleware
2019-12-31 18:53:52,334 INFO 7108 [egg-security] use dta middleware
2019-12-31 18:53:52,334 INFO 7108 [egg-security] compose 6 middlewares into one security middleware
2019-12-31 18:53:52,350 INFO 7108 [egg:core] dump config after load, 4ms
2019-12-31 18:53:52,354 INFO 7108 [egg-mongoose] starting...
2019-12-31 18:53:52,392 INFO 7108 [egg-mongoose] mongodb://127.0.0.1/shoppingMall connected successfully
2019-12-31 18:53:52,402 INFO 7108 [egg-mongoose] instance[0] start successfully
2019-12-31 18:53:52,404 INFO 7108 [egg-watcher:application] watcher start success
2019-12-31 18:53:52,415 INFO 7108 [egg:core] dump config after ready, 8ms
2019-12-31 18:53:53,216 INFO 11124 [egg:logger] init all loggers with options: {"dir":"F:\\project\\Shopping\\server\\logs\\server","encoding":"utf8","env":"local","level":"INFO","consoleLevel":"INFO","disableConsoleAfterReady":false,"outputJSON":false,"buffer":true,"appLogName":"server-web.log","coreLogName":"egg-web.log","agentLogName":"egg-agent.log","errorLogName":"common-error.log","coreLogger":{"consoleLevel":"WARN"},"allowDebugAtProd":false,"type":"application"}
2019-12-31 18:53:53,239 INFO 11124 [egg-multipart] stream mode enable
2019-12-31 18:53:53,473 INFO 11124 [egg-mongoose] connecting mongodb://127.0.0.1/shoppingMall
2019-12-31 18:53:53,675 INFO 11124 [egg-static] starting static serve /public/ -> F:\project\Shopping\server\app\public
2019-12-31 18:53:53,677 INFO 11124 [egg-security] use methodnoallow middleware
2019-12-31 18:53:53,678 INFO 11124 [egg-security] use noopen middleware
2019-12-31 18:53:53,678 INFO 11124 [egg-security] use nosniff middleware
2019-12-31 18:53:53,679 INFO 11124 [egg-security] use xssProtection middleware
2019-12-31 18:53:53,679 INFO 11124 [egg-security] use xframe middleware
2019-12-31 18:53:53,680 INFO 11124 [egg-security] use dta middleware
2019-12-31 18:53:53,680 INFO 11124 [egg-security] compose 6 middlewares into one security middleware
2019-12-31 18:53:53,695 INFO 11124 [egg:core] dump config after load, 4ms
2019-12-31 18:53:53,700 INFO 11124 [egg-mongoose] starting...
2019-12-31 18:53:53,737 INFO 11124 [egg-mongoose] mongodb://127.0.0.1/shoppingMall connected successfully
2019-12-31 18:53:53,748 INFO 11124 [egg-mongoose] instance[0] start successfully
2019-12-31 18:53:53,750 INFO 11124 [egg-watcher:application] watcher start success
2019-12-31 18:53:53,760 INFO 11124 [egg:core] dump config after ready, 6ms
2020-01-01 10:37:29,319 INFO 10792 [egg:logger] init all loggers with options: {"dir":"F:\\project\\Shopping\\server\\logs\\server","encoding":"utf8","env":"local","level":"INFO","consoleLevel":"INFO","disableConsoleAfterReady":false,"outputJSON":false,"buffer":true,"appLogName":"server-web.log","coreLogName":"egg-web.log","agentLogName":"egg-agent.log","errorLogName":"common-error.log","coreLogger":{"consoleLevel":"WARN"},"allowDebugAtProd":false,"type":"application"}
2020-01-01 10:37:29,341 INFO 10792 [egg-multipart] stream mode enable
2020-01-01 10:37:35,045 INFO 10792 [egg-mongoose] connecting mongodb://127.0.0.1/shoppingMall
2020-01-01 10:37:39,990 INFO 10792 [egg-static] starting static serve /public/ -> F:\project\Shopping\server\app\public
2020-01-01 10:37:40,005 INFO 10792 [egg-security] use methodnoallow middleware
2020-01-01 10:37:40,006 INFO 10792 [egg-security] use noopen middleware
2020-01-01 10:37:40,008 INFO 10792 [egg-security] use nosniff middleware
2020-01-01 10:37:40,009 INFO 10792 [egg-security] use xssProtection middleware
2020-01-01 10:37:40,009 INFO 10792 [egg-security] use xframe middleware
2020-01-01 10:37:40,010 INFO 10792 [egg-security] use dta middleware
2020-01-01 10:37:40,010 INFO 10792 [egg-security] compose 6 middlewares into one security middleware
2020-01-01 10:37:40,325 INFO 10792 [egg:core] dump config after load, 5ms
2020-01-01 10:37:40,329 INFO 10792 [egg-mongoose] starting...
2020-01-01 10:37:29,008 INFO 19544 [egg:logger] init all loggers with options: {"dir":"F:\\project\\Shopping\\server\\logs\\server","encoding":"utf8","env":"local","level":"INFO","consoleLevel":"INFO","disableConsoleAfterReady":false,"outputJSON":false,"buffer":true,"appLogName":"server-web.log","coreLogName":"egg-web.log","agentLogName":"egg-agent.log","errorLogName":"common-error.log","coreLogger":{"consoleLevel":"WARN"},"allowDebugAtProd":false,"type":"application"}
2020-01-01 10:37:29,031 INFO 19544 [egg-multipart] stream mode enable
2020-01-01 10:37:35,045 INFO 19544 [egg-mongoose] connecting mongodb://127.0.0.1/shoppingMall
2020-01-01 10:37:39,990 INFO 19544 [egg-static] starting static serve /public/ -> F:\project\Shopping\server\app\public
2020-01-01 10:37:40,004 INFO 19544 [egg-security] use methodnoallow middleware
2020-01-01 10:37:40,006 INFO 19544 [egg-security] use noopen middleware
2020-01-01 10:37:40,007 INFO 19544 [egg-security] use nosniff middleware
2020-01-01 10:37:40,008 INFO 19544 [egg-security] use xssProtection middleware
2020-01-01 10:37:40,009 INFO 19544 [egg-security] use xframe middleware
2020-01-01 10:37:40,009 INFO 19544 [egg-security] use dta middleware
2020-01-01 10:37:40,009 INFO 19544 [egg-security] compose 6 middlewares into one security middleware
2020-01-01 10:37:40,325 INFO 19544 [egg:core] dump config after load, 4ms
2020-01-01 10:37:40,329 INFO 19544 [egg-mongoose] starting...
2020-01-01 10:37:40,429 INFO 10792 [egg-mongoose] mongodb://127.0.0.1/shoppingMall connected successfully
2020-01-01 10:37:40,441 INFO 10792 [egg-mongoose] instance[0] start successfully
2020-01-01 10:37:40,444 INFO 10792 [egg-watcher:application] watcher start success
2020-01-01 10:37:40,452 INFO 10792 [egg:core] dump config after ready, 6ms
2020-01-01 10:37:41,585 INFO 13944 [egg:logger] init all loggers with options: {"dir":"F:\\project\\Shopping\\server\\logs\\server","encoding":"utf8","env":"local","level":"INFO","consoleLevel":"INFO","disableConsoleAfterReady":false,"outputJSON":false,"buffer":true,"appLogName":"server-web.log","coreLogName":"egg-web.log","agentLogName":"egg-agent.log","errorLogName":"common-error.log","coreLogger":{"consoleLevel":"WARN"},"allowDebugAtProd":false,"type":"application"}
2020-01-01 10:37:41,609 INFO 13944 [egg-multipart] stream mode enable
2020-01-01 10:37:41,854 INFO 13944 [egg-mongoose] connecting mongodb://127.0.0.1/shoppingMall
2020-01-01 10:37:42,070 INFO 13944 [egg-static] starting static serve /public/ -> F:\project\Shopping\server\app\public
2020-01-01 10:37:42,073 INFO 13944 [egg-security] use methodnoallow middleware
2020-01-01 10:37:42,073 INFO 13944 [egg-security] use noopen middleware
2020-01-01 10:37:42,074 INFO 13944 [egg-security] use nosniff middleware
2020-01-01 10:37:42,074 INFO 13944 [egg-security] use xssProtection middleware
2020-01-01 10:37:42,075 INFO 13944 [egg-security] use xframe middleware
2020-01-01 10:37:42,076 INFO 13944 [egg-security] use dta middleware
2020-01-01 10:37:42,076 INFO 13944 [egg-security] compose 6 middlewares into one security middleware
2020-01-01 10:37:42,094 INFO 13944 [egg:core] dump config after load, 6ms
2020-01-01 10:37:42,098 INFO 13944 [egg-mongoose] starting...
2020-01-01 10:37:42,137 INFO 13944 [egg-mongoose] mongodb://127.0.0.1/shoppingMall connected successfully
2020-01-01 10:37:42,151 INFO 13944 [egg-mongoose] instance[0] start successfully
2020-01-01 10:37:42,154 INFO 13944 [egg-watcher:application] watcher start success
2020-01-01 10:37:42,163 INFO 13944 [egg:core] dump config after ready, 6ms
2020-01-01 10:37:42,922 INFO 18948 [egg:logger] init all loggers with options: {"dir":"F:\\project\\Shopping\\server\\logs\\server","encoding":"utf8","env":"local","level":"INFO","consoleLevel":"INFO","disableConsoleAfterReady":false,"outputJSON":false,"buffer":true,"appLogName":"server-web.log","coreLogName":"egg-web.log","agentLogName":"egg-agent.log","errorLogName":"common-error.log","coreLogger":{"consoleLevel":"WARN"},"allowDebugAtProd":false,"type":"application"}
2020-01-01 10:37:42,945 INFO 18948 [egg-multipart] stream mode enable
2020-01-01 10:37:43,176 INFO 18948 [egg-mongoose] connecting mongodb://127.0.0.1/shoppingMall
2020-01-01 10:37:43,372 INFO 18948 [egg-static] starting static serve /public/ -> F:\project\Shopping\server\app\public
2020-01-01 10:37:43,374 INFO 18948 [egg-security] use methodnoallow middleware
2020-01-01 10:37:43,375 INFO 18948 [egg-security] use noopen middleware
2020-01-01 10:37:43,376 INFO 18948 [egg-security] use nosniff middleware
2020-01-01 10:37:43,376 INFO 18948 [egg-security] use xssProtection middleware
2020-01-01 10:37:43,377 INFO 18948 [egg-security] use xframe middleware
2020-01-01 10:37:43,377 INFO 18948 [egg-security] use dta middleware
2020-01-01 10:37:43,377 INFO 18948 [egg-security] compose 6 middlewares into one security middleware
2020-01-01 10:37:43,392 INFO 18948 [egg:core] dump config after load, 4ms
2020-01-01 10:37:43,396 INFO 18948 [egg-mongoose] starting...
2020-01-01 10:37:43,429 INFO 18948 [egg-mongoose] mongodb://127.0.0.1/shoppingMall connected successfully
2020-01-01 10:37:43,438 INFO 18948 [egg-mongoose] instance[0] start successfully
2020-01-01 10:37:43,440 INFO 18948 [egg-watcher:application] watcher start success
2020-01-01 10:37:43,449 INFO 18948 [egg:core] dump config after ready, 6ms
2020-01-01 21:29:51,311 INFO 9484 [egg:logger] init all loggers with options: {"dir":"F:\\project\\Shopping\\server\\logs\\server","encoding":"utf8","env":"local","level":"INFO","consoleLevel":"INFO","disableConsoleAfterReady":false,"outputJSON":false,"buffer":true,"appLogName":"server-web.log","coreLogName":"egg-web.log","agentLogName":"egg-agent.log","errorLogName":"common-error.log","coreLogger":{"consoleLevel":"WARN"},"allowDebugAtProd":false,"type":"application"}
2020-01-01 21:29:51,343 INFO 9484 [egg-multipart] stream mode enable
2020-01-01 21:29:54,007 INFO 9484 [egg-mongoose] connecting mongodb://127.0.0.1/shoppingMall
2020-01-01 21:29:55,651 INFO 9484 [egg-static] starting static serve /public/ -> F:\project\Shopping\server\app\public
2020-01-01 21:29:55,653 INFO 9484 [egg-security] use methodnoallow middleware
2020-01-01 21:29:55,654 INFO 9484 [egg-security] use noopen middleware
2020-01-01 21:29:55,656 INFO 9484 [egg-security] use nosniff middleware
2020-01-01 21:29:55,657 INFO 9484 [egg-security] use xssProtection middleware
2020-01-01 21:29:55,657 INFO 9484 [egg-security] use xframe middleware
2020-01-01 21:29:55,658 INFO 9484 [egg-security] use dta middleware
2020-01-01 21:29:55,658 INFO 9484 [egg-security] compose 6 middlewares into one security middleware
2020-01-01 21:29:55,747 INFO 9484 [egg:core] dump config after load, 4ms
2020-01-01 21:29:55,751 INFO 9484 [egg-mongoose] starting...
2020-01-01 21:29:55,805 INFO 9484 [egg-mongoose] mongodb://127.0.0.1/shoppingMall connected successfully
2020-01-01 21:29:55,813 INFO 9484 [egg-mongoose] instance[0] start successfully
2020-01-01 21:29:55,815 INFO 9484 [egg-watcher:application] watcher start success
2020-01-01 21:29:55,828 INFO 9484 [egg:core] dump config after ready, 9ms
2020-01-01 21:29:56,962 INFO 9148 [egg:logger] init all loggers with options: {"dir":"F:\\project\\Shopping\\server\\logs\\server","encoding":"utf8","env":"local","level":"INFO","consoleLevel":"INFO","disableConsoleAfterReady":false,"outputJSON":false,"buffer":true,"appLogName":"server-web.log","coreLogName":"egg-web.log","agentLogName":"egg-agent.log","errorLogName":"common-error.log","coreLogger":{"consoleLevel":"WARN"},"allowDebugAtProd":false,"type":"application"}
2020-01-01 21:29:56,992 INFO 9148 [egg-multipart] stream mode enable
2020-01-01 21:29:57,314 INFO 9148 [egg-mongoose] connecting mongodb://127.0.0.1/shoppingMall
2020-01-01 21:29:57,599 INFO 9148 [egg-static] starting static serve /public/ -> F:\project\Shopping\server\app\public
2020-01-01 21:29:57,602 INFO 9148 [egg-security] use methodnoallow middleware
2020-01-01 21:29:57,602 INFO 9148 [egg-security] use noopen middleware
2020-01-01 21:29:57,604 INFO 9148 [egg-security] use nosniff middleware
2020-01-01 21:29:57,604 INFO 9148 [egg-security] use xssProtection middleware
2020-01-01 21:29:57,605 INFO 9148 [egg-security] use xframe middleware
2020-01-01 21:29:57,606 INFO 9148 [egg-security] use dta middleware
2020-01-01 21:29:57,606 INFO 9148 [egg-security] compose 6 middlewares into one security middleware
2020-01-01 21:29:57,630 INFO 9148 [egg:core] dump config after load, 7ms
2020-01-01 21:29:57,640 INFO 9148 [egg-mongoose] starting...
2020-01-01 21:29:57,685 INFO 9148 [egg-mongoose] mongodb://127.0.0.1/shoppingMall connected successfully
2020-01-01 21:29:57,699 INFO 9148 [egg-mongoose] instance[0] start successfully
2020-01-01 21:29:57,705 INFO 9148 [egg-watcher:application] watcher start success
2020-01-01 21:29:57,716 INFO 9148 [egg:core] dump config after ready, 8ms
2020-01-02 08:17:46,965 INFO 9804 [egg:logger] init all loggers with options: {"dir":"E:\\project\\shop\\server\\logs\\server","encoding":"utf8","env":"local","level":"INFO","consoleLevel":"INFO","disableConsoleAfterReady":false,"outputJSON":false,"buffer":true,"appLogName":"server-web.log","coreLogName":"egg-web.log","agentLogName":"egg-agent.log","errorLogName":"common-error.log","coreLogger":{"consoleLevel":"WARN"},"allowDebugAtProd":false,"type":"application"}
2020-01-02 08:17:47,069 INFO 9804 [egg-multipart] stream mode enable
2020-01-02 08:17:48,991 INFO 9804 [egg-mongoose] connecting mongodb://127.0.0.1/shoppingMall
2020-01-02 08:17:51,308 INFO 9804 [egg-static] starting static serve /public/ -> E:\project\shop\server\app\public
2020-01-02 08:17:51,330 INFO 9804 [egg-security] use methodnoallow middleware
2020-01-02 08:17:51,335 INFO 9804 [egg-security] use noopen middleware
2020-01-02 08:17:51,349 INFO 9804 [egg-security] use nosniff middleware
2020-01-02 08:17:51,353 INFO 9804 [egg-security] use xssProtection middleware
2020-01-02 08:17:51,358 INFO 9804 [egg-security] use xframe middleware
2020-01-02 08:17:51,362 INFO 9804 [egg-security] use dta middleware
2020-01-02 08:17:51,362 INFO 9804 [egg-security] compose 6 middlewares into one security middleware
2020-01-02 08:17:51,466 INFO 9804 [egg:core] dump config after load, 11ms
2020-01-02 08:17:51,472 INFO 9804 [egg-mongoose] starting...
2020-01-02 08:17:51,603 INFO 9804 [egg-mongoose] mongodb://127.0.0.1/shoppingMall connected successfully
2020-01-02 08:17:51,625 INFO 9804 [egg-mongoose] instance[0] start successfully
2020-01-02 08:17:51,629 INFO 9804 [egg-watcher:application] watcher start success
2020-01-02 08:17:51,652 INFO 9804 [egg:core] dump config after ready, 15ms
2020-01-02 19:52:37,711 INFO 8148 [egg:logger] init all loggers with options: {"dir":"F:\\project\\Shopping\\server\\logs\\server","encoding":"utf8","env":"local","level":"INFO","consoleLevel":"INFO","disableConsoleAfterReady":false,"outputJSON":false,"buffer":true,"appLogName":"server-web.log","coreLogName":"egg-web.log","agentLogName":"egg-agent.log","errorLogName":"common-error.log","coreLogger":{"consoleLevel":"WARN"},"allowDebugAtProd":false,"type":"application"}
2020-01-02 19:52:37,737 INFO 8148 [egg-multipart] stream mode enable
2020-01-02 19:52:40,187 INFO 8148 [egg-mongoose] connecting mongodb://127.0.0.1/shoppingMall
2020-01-02 19:52:41,863 INFO 8148 [egg-static] starting static serve /public/ -> F:\project\Shopping\server\app\public
2020-01-02 19:52:41,865 INFO 8148 [egg-security] use methodnoallow middleware
2020-01-02 19:52:41,866 INFO 8148 [egg-security] use noopen middleware
2020-01-02 19:52:41,867 INFO 8148 [egg-security] use nosniff middleware
2020-01-02 19:52:41,868 INFO 8148 [egg-security] use xssProtection middleware
2020-01-02 19:52:41,869 INFO 8148 [egg-security] use xframe middleware
2020-01-02 19:52:41,869 INFO 8148 [egg-security] use dta middleware
2020-01-02 19:52:41,869 INFO 8148 [egg-security] compose 6 middlewares into one security middleware
2020-01-02 19:52:41,971 INFO 8148 [egg:core] dump config after load, 4ms
2020-01-02 19:52:41,976 INFO 8148 [egg-mongoose] starting...
2020-01-02 19:52:38,490 INFO 2620 [egg:logger] init all loggers with options: {"dir":"F:\\project\\Shopping\\server\\logs\\server","encoding":"utf8","env":"local","level":"INFO","consoleLevel":"INFO","disableConsoleAfterReady":false,"outputJSON":false,"buffer":true,"appLogName":"server-web.log","coreLogName":"egg-web.log","agentLogName":"egg-agent.log","errorLogName":"common-error.log","coreLogger":{"consoleLevel":"WARN"},"allowDebugAtProd":false,"type":"application"}
2020-01-02 19:52:38,513 INFO 2620 [egg-multipart] stream mode enable
2020-01-02 19:52:40,187 INFO 2620 [egg-mongoose] connecting mongodb://127.0.0.1/shoppingMall
2020-01-02 19:52:41,862 INFO 2620 [egg-static] starting static serve /public/ -> F:\project\Shopping\server\app\public
2020-01-02 19:52:41,865 INFO 2620 [egg-security] use methodnoallow middleware
2020-01-02 19:52:41,866 INFO 2620 [egg-security] use noopen middleware
2020-01-02 19:52:41,867 INFO 2620 [egg-security] use nosniff middleware
2020-01-02 19:52:41,868 INFO 2620 [egg-security] use xssProtection middleware
2020-01-02 19:52:41,868 INFO 2620 [egg-security] use xframe middleware
2020-01-02 19:52:41,869 INFO 2620 [egg-security] use dta middleware
2020-01-02 19:52:41,869 INFO 2620 [egg-security] compose 6 middlewares into one security middleware
2020-01-02 19:52:41,971 INFO 2620 [egg:core] dump config after load, 5ms
2020-01-02 19:52:41,975 INFO 2620 [egg-mongoose] starting...
2020-01-02 19:52:42,027 INFO 2620 [egg-mongoose] mongodb://127.0.0.1/shoppingMall connected successfully
2020-01-02 19:52:42,038 INFO 2620 [egg-mongoose] instance[0] start successfully
2020-01-02 19:52:42,040 INFO 2620 [egg-watcher:application] watcher start success
2020-01-02 19:52:42,049 INFO 2620 [egg:core] dump config after ready, 6ms
2020-01-02 19:52:42,822 INFO 21212 [egg:logger] init all loggers with options: {"dir":"F:\\project\\Shopping\\server\\logs\\server","encoding":"utf8","env":"local","level":"INFO","consoleLevel":"INFO","disableConsoleAfterReady":false,"outputJSON":false,"buffer":true,"appLogName":"server-web.log","coreLogName":"egg-web.log","agentLogName":"egg-agent.log","errorLogName":"common-error.log","coreLogger":{"consoleLevel":"WARN"},"allowDebugAtProd":false,"type":"application"}
2020-01-02 19:52:42,845 INFO 21212 [egg-multipart] stream mode enable
2020-01-02 19:52:43,072 INFO 21212 [egg-mongoose] connecting mongodb://127.0.0.1/shoppingMall
2020-01-02 19:52:43,275 INFO 21212 [egg-static] starting static serve /public/ -> F:\project\Shopping\server\app\public
2020-01-02 19:52:43,277 INFO 21212 [egg-security] use methodnoallow middleware
2020-01-02 19:52:43,278 INFO 21212 [egg-security] use noopen middleware
2020-01-02 19:52:43,279 INFO 21212 [egg-security] use nosniff middleware
2020-01-02 19:52:43,279 INFO 21212 [egg-security] use xssProtection middleware
2020-01-02 19:52:43,280 INFO 21212 [egg-security] use xframe middleware
2020-01-02 19:52:43,280 INFO 21212 [egg-security] use dta middleware
2020-01-02 19:52:43,280 INFO 21212 [egg-security] compose 6 middlewares into one security middleware
2020-01-02 19:52:43,297 INFO 21212 [egg:core] dump config after load, 4ms
2020-01-02 19:52:43,302 INFO 21212 [egg-mongoose] starting...
2020-01-02 19:52:43,342 INFO 21212 [egg-mongoose] mongodb://127.0.0.1/shoppingMall connected successfully
2020-01-02 19:52:43,349 INFO 21212 [egg-mongoose] instance[0] start successfully
2020-01-02 19:52:43,355 INFO 21212 [egg-watcher:application] watcher start success
2020-01-02 19:52:43,365 INFO 21212 [egg:core] dump config after ready, 6ms
2020-01-02 19:52:44,233 INFO 5568 [egg:logger] init all loggers with options: {"dir":"F:\\project\\Shopping\\server\\logs\\server","encoding":"utf8","env":"local","level":"INFO","consoleLevel":"INFO","disableConsoleAfterReady":false,"outputJSON":false,"buffer":true,"appLogName":"server-web.log","coreLogName":"egg-web.log","agentLogName":"egg-agent.log","errorLogName":"common-error.log","coreLogger":{"consoleLevel":"WARN"},"allowDebugAtProd":false,"type":"application"}
2020-01-02 19:52:44,255 INFO 5568 [egg-multipart] stream mode enable
2020-01-02 19:52:44,504 INFO 5568 [egg-mongoose] connecting mongodb://127.0.0.1/shoppingMall
2020-01-02 19:52:44,714 INFO 5568 [egg-static] starting static serve /public/ -> F:\project\Shopping\server\app\public
2020-01-02 19:52:44,716 INFO 5568 [egg-security] use methodnoallow middleware
2020-01-02 19:52:44,717 INFO 5568 [egg-security] use noopen middleware
2020-01-02 19:52:44,718 INFO 5568 [egg-security] use nosniff middleware
2020-01-02 19:52:44,718 INFO 5568 [egg-security] use xssProtection middleware
2020-01-02 19:52:44,718 INFO 5568 [egg-security] use xframe middleware
2020-01-02 19:52:44,719 INFO 5568 [egg-security] use dta middleware
2020-01-02 19:52:44,719 INFO 5568 [egg-security] compose 6 middlewares into one security middleware
2020-01-02 19:52:44,734 INFO 5568 [egg:core] dump config after load, 4ms
2020-01-02 19:52:44,738 INFO 5568 [egg-mongoose] starting...
2020-01-02 19:52:44,770 INFO 5568 [egg-mongoose] mongodb://127.0.0.1/shoppingMall connected successfully
2020-01-02 19:52:44,780 INFO 5568 [egg-mongoose] instance[0] start successfully
2020-01-02 19:52:44,782 INFO 5568 [egg-watcher:application] watcher start success
2020-01-02 19:52:44,790 INFO 5568 [egg:core] dump config after ready, 5ms
2020-01-02 21:54:01,362 INFO 8276 [egg:logger] init all loggers with options: {"dir":"F:\\project\\Shopping\\server\\logs\\server","encoding":"utf8","env":"local","level":"INFO","consoleLevel":"INFO","disableConsoleAfterReady":false,"outputJSON":false,"buffer":true,"appLogName":"server-web.log","coreLogName":"egg-web.log","agentLogName":"egg-agent.log","errorLogName":"common-error.log","coreLogger":{"consoleLevel":"WARN"},"allowDebugAtProd":false,"type":"application"}
2020-01-02 21:54:01,386 INFO 8276 [egg-multipart] stream mode enable
2020-01-02 21:54:03,301 INFO 8276 [egg-mongoose] connecting mongodb://127.0.0.1/shoppingMall
2020-01-02 21:54:03,509 INFO 8276 [egg-static] starting static serve /public/ -> F:\project\Shopping\server\app\public
2020-01-02 21:54:03,511 INFO 8276 [egg-security] use methodnoallow middleware
2020-01-02 21:54:03,511 INFO 8276 [egg-security] use noopen middleware
2020-01-02 21:54:03,512 INFO 8276 [egg-security] use nosniff middleware
2020-01-02 21:54:03,512 INFO 8276 [egg-security] use xssProtection middleware
2020-01-02 21:54:03,513 INFO 8276 [egg-security] use xframe middleware
2020-01-02 21:54:03,513 INFO 8276 [egg-security] use dta middleware
2020-01-02 21:54:03,513 INFO 8276 [egg-security] compose 6 middlewares into one security middleware
2020-01-02 21:54:03,528 INFO 8276 [egg:core] dump config after load, 4ms
2020-01-02 21:54:03,532 INFO 8276 [egg-mongoose] starting...
2020-01-02 21:54:03,564 INFO 8276 [egg-mongoose] mongodb://127.0.0.1/shoppingMall connected successfully
2020-01-02 21:54:03,573 INFO 8276 [egg-mongoose] instance[0] start successfully
2020-01-02 21:54:03,576 INFO 8276 [egg-watcher:application] watcher start success
2020-01-02 21:54:03,585 INFO 8276 [egg:core] dump config after ready, 6ms
2020-01-03 08:24:30,174 INFO 9200 [egg:logger] init all loggers with options: {"dir":"E:\\project\\shop\\server\\logs\\server","encoding":"utf8","env":"local","level":"INFO","consoleLevel":"INFO","disableConsoleAfterReady":false,"outputJSON":false,"buffer":true,"appLogName":"server-web.log","coreLogName":"egg-web.log","agentLogName":"egg-agent.log","errorLogName":"common-error.log","coreLogger":{"consoleLevel":"WARN"},"allowDebugAtProd":false,"type":"application"}
2020-01-03 08:24:30,232 INFO 9200 [egg-multipart] stream mode enable
2020-01-03 08:24:31,093 INFO 9200 [egg-mongoose] connecting mongodb://127.0.0.1/shoppingMall
2020-01-03 08:24:31,885 INFO 9200 [egg-static] starting static serve /public/ -> E:\project\shop\server\app\public
2020-01-03 08:24:31,891 INFO 9200 [egg-security] use methodnoallow middleware
2020-01-03 08:24:31,892 INFO 9200 [egg-security] use noopen middleware
2020-01-03 08:24:31,896 INFO 9200 [egg-security] use nosniff middleware
2020-01-03 08:24:31,897 INFO 9200 [egg-security] use xssProtection middleware
2020-01-03 08:24:31,898 INFO 9200 [egg-security] use xframe middleware
2020-01-03 08:24:31,899 INFO 9200 [egg-security] use dta middleware
2020-01-03 08:24:31,899 INFO 9200 [egg-security] compose 6 middlewares into one security middleware
2020-01-03 08:24:31,950 INFO 9200 [egg:core] dump config after load, 10ms
2020-01-03 08:24:31,956 INFO 9200 [egg-mongoose] starting...
2020-01-03 08:24:32,061 INFO 9200 [egg-mongoose] mongodb://127.0.0.1/shoppingMall connected successfully
2020-01-03 08:24:32,110 INFO 9200 [egg-mongoose] instance[0] start successfully
2020-01-03 08:24:32,126 INFO 9200 [egg-watcher:application] watcher start success
2020-01-03 08:24:32,148 INFO 9200 [egg:core] dump config after ready, 19ms
2020-01-03 16:36:46,963 INFO 11864 [egg:logger] init all loggers with options: {"dir":"E:\\project\\shop\\server\\logs\\server","encoding":"utf8","env":"local","level":"INFO","consoleLevel":"INFO","disableConsoleAfterReady":false,"outputJSON":false,"buffer":true,"appLogName":"server-web.log","coreLogName":"egg-web.log","agentLogName":"egg-agent.log","errorLogName":"common-error.log","coreLogger":{"consoleLevel":"WARN"},"allowDebugAtProd":false,"type":"application"}
2020-01-03 16:36:46,998 INFO 11864 [egg-multipart] stream mode enable
2020-01-03 16:36:48,055 INFO 11864 [egg-mongoose] connecting mongodb://127.0.0.1/shoppingMall
2020-01-03 16:36:48,613 INFO 11864 [egg-static] starting static serve /public/ -> E:\project\shop\server\app\public
2020-01-03 16:36:48,616 INFO 11864 [egg-security] use methodnoallow middleware
2020-01-03 16:36:48,617 INFO 11864 [egg-security] use noopen middleware
2020-01-03 16:36:48,625 INFO 11864 [egg-security] use nosniff middleware
2020-01-03 16:36:48,627 INFO 11864 [egg-security] use xssProtection middleware
2020-01-03 16:36:48,628 INFO 11864 [egg-security] use xframe middleware
2020-01-03 16:36:48,630 INFO 11864 [egg-security] use dta middleware
2020-01-03 16:36:48,630 INFO 11864 [egg-security] compose 6 middlewares into one security middleware
2020-01-03 16:36:48,662 INFO 11864 [egg:core] dump config after load, 11ms
2020-01-03 16:36:48,667 INFO 11864 [egg-mongoose] starting...
2020-01-03 16:36:48,718 INFO 11864 [egg-mongoose] mongodb://127.0.0.1/shoppingMall connected successfully
2020-01-03 16:36:48,733 INFO 11864 [egg-mongoose] instance[0] start successfully
2020-01-03 16:36:48,735 INFO 11864 [egg-watcher:application] watcher start success
2020-01-03 16:36:48,761 INFO 11864 [egg:core] dump config after ready, 13ms
2020-01-03 16:38:53,931 INFO 11960 [egg:logger] init all loggers with options: {"dir":"E:\\project\\shop\\server\\logs\\server","encoding":"utf8","env":"local","level":"INFO","consoleLevel":"INFO","disableConsoleAfterReady":false,"outputJSON":false,"buffer":true,"appLogName":"server-web.log","coreLogName":"egg-web.log","agentLogName":"egg-agent.log","errorLogName":"common-error.log","coreLogger":{"consoleLevel":"WARN"},"allowDebugAtProd":false,"type":"application"}
2020-01-03 16:38:53,966 INFO 11960 [egg-multipart] stream mode enable
2020-01-03 16:38:54,590 INFO 11960 [egg-mongoose] connecting mongodb://127.0.0.1/shoppingMall
2020-01-03 16:38:55,028 INFO 11960 [egg-static] starting static serve /public/ -> E:\project\shop\server\app\public
2020-01-03 16:38:55,032 INFO 11960 [egg-security] use methodnoallow middleware
2020-01-03 16:38:55,033 INFO 11960 [egg-security] use noopen middleware
2020-01-03 16:38:55,035 INFO 11960 [egg-security] use nosniff middleware
2020-01-03 16:38:55,036 INFO 11960 [egg-security] use xssProtection middleware
2020-01-03 16:38:55,037 INFO 11960 [egg-security] use xframe middleware
2020-01-03 16:38:55,038 INFO 11960 [egg-security] use dta middleware
2020-01-03 16:38:55,038 INFO 11960 [egg-security] compose 6 middlewares into one security middleware
2020-01-03 16:38:55,089 INFO 11960 [egg:core] dump config after load, 7ms
2020-01-03 16:38:55,094 INFO 11960 [egg-mongoose] starting...
2020-01-03 16:38:55,266 INFO 11960 [egg-mongoose] mongodb://127.0.0.1/shoppingMall connected successfully
2020-01-03 16:38:55,292 INFO 11960 [egg-mongoose] instance[0] start successfully
2020-01-03 16:38:55,300 INFO 11960 [egg-watcher:application] watcher start success
2020-01-03 16:38:55,330 INFO 11960 [egg:core] dump config after ready, 27ms
2020-01-03 16:39:35,346 INFO 9520 [egg:logger] init all loggers with options: {"dir":"E:\\project\\shop\\server\\logs\\server","encoding":"utf8","env":"local","level":"INFO","consoleLevel":"INFO","disableConsoleAfterReady":false,"outputJSON":false,"buffer":true,"appLogName":"server-web.log","coreLogName":"egg-web.log","agentLogName":"egg-agent.log","errorLogName":"common-error.log","coreLogger":{"consoleLevel":"WARN"},"allowDebugAtProd":false,"type":"application"}
2020-01-03 16:39:35,405 INFO 9520 [egg-multipart] stream mode enable
2020-01-03 16:39:35,975 INFO 9520 [egg-mongoose] connecting mongodb://127.0.0.1/shoppingMall
2020-01-03 16:39:36,332 INFO 9520 [egg-static] starting static serve /public/ -> E:\project\shop\server\app\public
2020-01-03 16:39:36,335 INFO 9520 [egg-security] use methodnoallow middleware
2020-01-03 16:39:36,336 INFO 9520 [egg-security] use noopen middleware
2020-01-03 16:39:36,338 INFO 9520 [egg-security] use nosniff middleware
2020-01-03 16:39:36,338 INFO 9520 [egg-security] use xssProtection middleware
2020-01-03 16:39:36,339 INFO 9520 [egg-security] use xframe middleware
2020-01-03 16:39:36,340 INFO 9520 [egg-security] use dta middleware
2020-01-03 16:39:36,340 INFO 9520 [egg-security] compose 6 middlewares into one security middleware
2020-01-03 16:39:36,370 INFO 9520 [egg:core] dump config after load, 5ms
2020-01-03 16:39:36,375 INFO 9520 [egg-mongoose] starting...
2020-01-03 16:39:36,436 INFO 9520 [egg-mongoose] mongodb://127.0.0.1/shoppingMall connected successfully
2020-01-03 16:39:36,442 INFO 9520 [egg-mongoose] instance[0] start successfully
2020-01-03 16:39:36,444 INFO 9520 [egg-watcher:application] watcher start success
2020-01-03 16:39:36,459 INFO 9520 [egg:core] dump config after ready, 12ms
2020-01-03 16:39:41,185 INFO 11292 [egg:logger] init all loggers with options: {"dir":"E:\\project\\shop\\server\\logs\\server","encoding":"utf8","env":"local","level":"INFO","consoleLevel":"INFO","disableConsoleAfterReady":false,"outputJSON":false,"buffer":true,"appLogName":"server-web.log","coreLogName":"egg-web.log","agentLogName":"egg-agent.log","errorLogName":"common-error.log","coreLogger":{"consoleLevel":"WARN"},"allowDebugAtProd":false,"type":"application"}
2020-01-03 16:39:41,222 INFO 11292 [egg-multipart] stream mode enable
2020-01-03 16:39:41,791 INFO 11292 [egg-mongoose] connecting mongodb://127.0.0.1/shoppingMall
2020-01-03 16:39:42,304 INFO 11292 [egg-static] starting static serve /public/ -> E:\project\shop\server\app\public
2020-01-03 16:39:42,307 INFO 11292 [egg-security] use methodnoallow middleware
2020-01-03 16:39:42,308 INFO 11292 [egg-security] use noopen middleware
2020-01-03 16:39:42,310 INFO 11292 [egg-security] use nosniff middleware
2020-01-03 16:39:42,311 INFO 11292 [egg-security] use xssProtection middleware
2020-01-03 16:39:42,311 INFO 11292 [egg-security] use xframe middleware
2020-01-03 16:39:42,312 INFO 11292 [egg-security] use dta middleware
2020-01-03 16:39:42,312 INFO 11292 [egg-security] compose 6 middlewares into one security middleware
2020-01-03 16:39:42,344 INFO 11292 [egg:core] dump config after load, 7ms
2020-01-03 16:39:42,350 INFO 11292 [egg-mongoose] starting...
2020-01-03 16:39:42,411 INFO 11292 [egg-mongoose] mongodb://127.0.0.1/shoppingMall connected successfully
2020-01-03 16:39:42,418 INFO 11292 [egg-mongoose] instance[0] start successfully
2020-01-03 16:39:42,419 INFO 11292 [egg-watcher:application] watcher start success
2020-01-03 16:39:42,437 INFO 11292 [egg:core] dump config after ready, 14ms
2020-01-03 16:40:07,940 INFO 10264 [egg:logger] init all loggers with options: {"dir":"E:\\project\\shop\\server\\logs\\server","encoding":"utf8","env":"local","level":"INFO","consoleLevel":"INFO","disableConsoleAfterReady":false,"outputJSON":false,"buffer":true,"appLogName":"server-web.log","coreLogName":"egg-web.log","agentLogName":"egg-agent.log","errorLogName":"common-error.log","coreLogger":{"consoleLevel":"WARN"},"allowDebugAtProd":false,"type":"application"}
2020-01-03 16:40:07,978 INFO 10264 [egg-multipart] stream mode enable
2020-01-03 16:40:08,418 INFO 10264 [egg-mongoose] connecting mongodb://127.0.0.1/shoppingMall
2020-01-03 16:40:08,777 INFO 10264 [egg-static] starting static serve /public/ -> E:\project\shop\server\app\public
2020-01-03 16:40:08,780 INFO 10264 [egg-security] use methodnoallow middleware
2020-01-03 16:40:08,781 INFO 10264 [egg-security] use noopen middleware
2020-01-03 16:40:08,783 INFO 10264 [egg-security] use nosniff middleware
2020-01-03 16:40:08,783 INFO 10264 [egg-security] use xssProtection middleware
2020-01-03 16:40:08,784 INFO 10264 [egg-security] use xframe middleware
2020-01-03 16:40:08,785 INFO 10264 [egg-security] use dta middleware
2020-01-03 16:40:08,785 INFO 10264 [egg-security] compose 6 middlewares into one security middleware
2020-01-03 16:40:08,820 INFO 10264 [egg:core] dump config after load, 6ms
2020-01-03 16:40:08,827 INFO 10264 [egg-mongoose] starting...
2020-01-03 16:40:08,890 INFO 10264 [egg-mongoose] mongodb://127.0.0.1/shoppingMall connected successfully
2020-01-03 16:40:08,907 INFO 10264 [egg-mongoose] instance[0] start successfully
2020-01-03 16:40:08,910 INFO 10264 [egg-watcher:application] watcher start success
2020-01-03 16:40:08,928 INFO 10264 [egg:core] dump config after ready, 14ms
2020-01-03 16:41:26,644 INFO 11100 [egg:logger] init all loggers with options: {"dir":"E:\\project\\shop\\server\\logs\\server","encoding":"utf8","env":"local","level":"INFO","consoleLevel":"INFO","disableConsoleAfterReady":false,"outputJSON":false,"buffer":true,"appLogName":"server-web.log","coreLogName":"egg-web.log","agentLogName":"egg-agent.log","errorLogName":"common-error.log","coreLogger":{"consoleLevel":"WARN"},"allowDebugAtProd":false,"type":"application"}
2020-01-03 16:41:26,678 INFO 11100 [egg-multipart] stream mode enable
2020-01-03 16:41:27,187 INFO 11100 [egg-mongoose] connecting mongodb://127.0.0.1/shoppingMall
2020-01-03 16:41:27,568 INFO 11100 [egg-static] starting static serve /public/ -> E:\project\shop\server\app\public
2020-01-03 16:41:27,571 INFO 11100 [egg-security] use methodnoallow middleware
2020-01-03 16:41:27,573 INFO 11100 [egg-security] use noopen middleware
2020-01-03 16:41:27,576 INFO 11100 [egg-security] use nosniff middleware
2020-01-03 16:41:27,577 INFO 11100 [egg-security] use xssProtection middleware
2020-01-03 16:41:27,578 INFO 11100 [egg-security] use xframe middleware
2020-01-03 16:41:27,579 INFO 11100 [egg-security] use dta middleware
2020-01-03 16:41:27,579 INFO 11100 [egg-security] compose 6 middlewares into one security middleware
2020-01-03 16:41:27,615 INFO 11100 [egg:core] dump config after load, 8ms
2020-01-03 16:41:27,619 INFO 11100 [egg-mongoose] starting...
2020-01-03 16:41:27,663 INFO 11100 [egg-mongoose] mongodb://127.0.0.1/shoppingMall connected successfully
2020-01-03 16:41:27,671 INFO 11100 [egg-mongoose] instance[0] start successfully
2020-01-03 16:41:27,685 INFO 11100 [egg-watcher:application] watcher start success
2020-01-03 16:41:27,702 INFO 11100 [egg:core] dump config after ready, 14ms
